<?xml version="1.0" encoding="UTF-8"?>
<!-- Generated by org.testng.reporters.JUnitReportReporter -->
<testsuite hostname="Tvlad-asus" name="onGoByRestAssured.ApiTest" tests="4" failures="0" timestamp="5 May 2016 14:05:07 GMT" time="3.692" errors="0">
  <testcase name="show_Guide_Braintree_Customer" time="1.477" classname="onGoByRestAssured.ApiTest"/>
  <testcase name="show_all_roles" time="0.144" classname="onGoByRestAssured.ApiTest"/>
  <testcase name="show_current_user" time="0.345" classname="onGoByRestAssured.ApiTest"/>
  <testcase name="login01" time="1.726" classname="onGoByRestAssured.ApiTest"/>
</testsuite> <!-- onGoByRestAssured.ApiTest -->
