<?xml version="1.0" encoding="UTF-8"?>
<!-- Generated by org.testng.reporters.JUnitReportReporter -->
<testsuite hostname="Tvlad-asus" name="OnGoByRestAssured.onGo.ApiTest" tests="3" failures="0" timestamp="28 Apr 2016 13:01:48 GMT" time="1.719" errors="0">
  <testcase name="show_current_user" time="0.114" classname="OnGoByRestAssured.onGo.ApiTest"/>
  <testcase name="show_all_roles" time="0.144" classname="OnGoByRestAssured.onGo.ApiTest"/>
  <testcase name="login01" time="1.461" classname="OnGoByRestAssured.onGo.ApiTest"/>
</testsuite> <!-- OnGoByRestAssured.onGo.ApiTest -->
