<?xml version="1.0" encoding="UTF-8"?>
<!-- Generated by org.testng.reporters.JUnitReportReporter -->
<testsuite hostname="Tvlad-asus" name="onGoByRestAssured.ApiTest" tests="4" failures="0" timestamp="5 May 2016 14:58:58 GMT" time="3.867" errors="0">
  <testcase name="show_Guide_Braintree_Customer" time="1.470" classname="onGoByRestAssured.ApiTest"/>
  <testcase name="show_current_user" time="0.160" classname="onGoByRestAssured.ApiTest"/>
  <testcase name="login01" time="2.065" classname="onGoByRestAssured.ApiTest"/>
  <testcase name="show_all_roles" time="0.172" classname="onGoByRestAssured.ApiTest"/>
</testsuite> <!-- onGoByRestAssured.ApiTest -->
